<?xml version="1.0" encoding="UTF-8"?>
<testng-results ignored="0" total="1" passed="1" failed="0" skipped="0">
  <reporter-output>
  </reporter-output>
  <suite started-at="2021-06-08T14:30:21 CDT" name="Default suite" finished-at="2021-06-08T14:30:29 CDT" duration-ms="7893">
    <groups>
    </groups>
    <test started-at="2021-06-08T14:30:21 CDT" name="Default test" finished-at="2021-06-08T14:30:29 CDT" duration-ms="7893">
      <class name="testingDrivers.BrowserFactory">
        <test-method signature="init()[pri:0, instance:testingDrivers.BrowserFactory@4738a206]" started-at="2021-06-08T14:30:21 CDT" name="init" finished-at="2021-06-08T14:30:29 CDT" duration-ms="7856" status="PASS">
          <reporter-output>
          </reporter-output>
        </test-method> <!-- init -->
      </class> <!-- testingDrivers.BrowserFactory -->
    </test> <!-- Default test -->
  </suite> <!-- Default suite -->
</testng-results>
